0 info it worked if it ends with ok
1 verbose cli [ '/Users/phil_nachum/.nvm/versions/node/v6.2.1/bin/node',
1 verbose cli   '/Users/phil_nachum/.nvm/versions/node/v6.2.1/bin/npm',
1 verbose cli   'run',
1 verbose cli   'lint' ]
2 info using npm@3.9.3
3 info using node@v6.2.1
4 verbose run-script [ 'prelint', 'lint', 'postlint' ]
5 info lifecycle Asteroids@1.0.0~prelint: Asteroids@1.0.0
6 silly lifecycle Asteroids@1.0.0~prelint: no script for prelint, continuing
7 info lifecycle Asteroids@1.0.0~lint: Asteroids@1.0.0
8 verbose lifecycle Asteroids@1.0.0~lint: unsafe-perm in lifecycle true
9 verbose lifecycle Asteroids@1.0.0~lint: PATH: /Users/phil_nachum/.nvm/versions/node/v6.2.1/lib/node_modules/npm/bin/node-gyp-bin:/Users/phil_nachum/Asteroids_functional/node_modules/.bin:/Users/phil_nachum/.nvm/versions/node/v6.2.1/bin:/Users/phil_nachum/.nvm/versions/node/v6.2.1/bin:/Users/phil_nachum/.rbenv/shims:/Users/phil_nachum/.rbenv/bin:/usr/local/bin:/usr/bin:/bin:/usr/sbin:/sbin:/opt/airbnb/bin:/usr/local/munki:/opt/puppetlabs/bin:/Applications/Postgres.app/Contents/Versions/latest/bin
10 verbose lifecycle Asteroids@1.0.0~lint: CWD: /Users/phil_nachum/Asteroids_functional
11 silly lifecycle Asteroids@1.0.0~lint: Args: [ '-c', 'eslint js' ]
12 silly lifecycle Asteroids@1.0.0~lint: Returned: code: 1  signal: null
13 info lifecycle Asteroids@1.0.0~lint: Failed to exec lint script
14 verbose stack Error: Asteroids@1.0.0 lint: `eslint js`
14 verbose stack Exit status 1
14 verbose stack     at EventEmitter.<anonymous> (/Users/phil_nachum/.nvm/versions/node/v6.2.1/lib/node_modules/npm/lib/utils/lifecycle.js:245:16)
14 verbose stack     at emitTwo (events.js:106:13)
14 verbose stack     at EventEmitter.emit (events.js:191:7)
14 verbose stack     at ChildProcess.<anonymous> (/Users/phil_nachum/.nvm/versions/node/v6.2.1/lib/node_modules/npm/lib/utils/spawn.js:24:14)
14 verbose stack     at emitTwo (events.js:106:13)
14 verbose stack     at ChildProcess.emit (events.js:191:7)
14 verbose stack     at maybeClose (internal/child_process.js:852:16)
14 verbose stack     at Process.ChildProcess._handle.onexit (internal/child_process.js:215:5)
15 verbose pkgid Asteroids@1.0.0
16 verbose cwd /Users/phil_nachum/Asteroids_functional
17 error Darwin 15.6.0
18 error argv "/Users/phil_nachum/.nvm/versions/node/v6.2.1/bin/node" "/Users/phil_nachum/.nvm/versions/node/v6.2.1/bin/npm" "run" "lint"
19 error node v6.2.1
20 error npm  v3.9.3
21 error code ELIFECYCLE
22 error Asteroids@1.0.0 lint: `eslint js`
22 error Exit status 1
23 error Failed at the Asteroids@1.0.0 lint script 'eslint js'.
23 error Make sure you have the latest version of node.js and npm installed.
23 error If you do, this is most likely a problem with the Asteroids package,
23 error not with npm itself.
23 error Tell the author that this fails on your system:
23 error     eslint js
23 error You can get information on how to open an issue for this project with:
23 error     npm bugs Asteroids
23 error Or if that isn't available, you can get their info via:
23 error     npm owner ls Asteroids
23 error There is likely additional logging output above.
24 verbose exit [ 1, true ]
